Build started 11/11/2015 11:57:24 AM.
     1>Project "C:\Users\270040900\Desktop\SFMLTesting\SFMLTesting\SFMLTesting\SFMLTesting.vcxproj" on node 2 (Build target(s)).
     1>ClCompile:
         C:\Program Files (x86)\Microsoft Visual Studio 14.0\VC\bin\CL.exe /c /IC:\Users\270040900\SFML\include /ZI /nologo /W3 /WX- /sdl /Od /Oy- /D WIN32 /D _DEBUG /D _CONSOLE /D _UNICODE /D UNICODE /Gm /EHsc /RTC1 /MDd /GS /fp:precise /Zc:wchar_t /Zc:forScope /Zc:inline /Yu"stdafx.h" /Fp"Debug\SFMLTesting.pch" /Fo"Debug\\" /Fd"Debug\vc140.pdb" /Gd /TP /analyze- /errorReport:prompt SFMLTesting.cpp
         SFMLTesting.cpp
     1>c:\users\270040900\desktop\sfmltesting\sfmltesting\sfmltesting\sfmltesting.cpp(31): error C3861: 'MovingAround': identifier not found
     1>Done Building Project "C:\Users\270040900\Desktop\SFMLTesting\SFMLTesting\SFMLTesting\SFMLTesting.vcxproj" (Build target(s)) -- FAILED.

Build FAILED.

Time Elapsed 00:00:01.47
